Found path: /home/ubuntu/ai/Udacity-RL-Project-Continuous-Control/Reacher_Linux_NoVis/Reacher.x86_64
Mono path[0] = '/home/ubuntu/ai/Udacity-RL-Project-Continuous-Control/Reacher_Linux_NoVis/Reacher_Data/Managed'
Mono config path = '/home/ubuntu/ai/Udacity-RL-Project-Continuous-Control/Reacher_Linux_NoVis/Reacher_Data/MonoBleedingEdge/etc'
Preloaded 'libgrpc_csharp_ext.x64.so'
Unable to preload the following plugins:
	libgrpc_csharp_ext.x86.so
Logging to /home/ubuntu/.config/unity3d/Unity Technologies/Unity Environment/Player.log
INFO:unityagents:
'Academy' started successfully!
Unity Academy name: Academy
        Number of Brains: 1
        Number of External Brains : 1
        Lesson number : 0
        Reset Parameters :
		goal_size -> 5.0
		goal_speed -> 1.0
Unity brain name: ReacherBrain
        Number of Visual Observations (per agent): 0
        Vector Observation space type: continuous
        Vector Observation space size (per agent): 33
        Number of stacked Vector Observation: 1
        Vector Action space type: continuous
        Vector Action space size (per agent): 4
        Vector Action descriptions: , , , 
Number of agents: 20
Size of each action: 4
There are 20 agents. Each observes a state with length: 33
The state for the first agent looks like: [ 0.00000000e+00 -4.00000000e+00  0.00000000e+00  1.00000000e+00
 -0.00000000e+00 -0.00000000e+00 -4.37113883e-08  0.00000000e+00
  0.00000000e+00  0.00000000e+00  0.00000000e+00  0.00000000e+00
  0.00000000e+00  0.00000000e+00 -1.00000000e+01  0.00000000e+00
  1.00000000e+00 -0.00000000e+00 -0.00000000e+00 -4.37113883e-08
  0.00000000e+00  0.00000000e+00  0.00000000e+00  0.00000000e+00
  0.00000000e+00  0.00000000e+00  5.75471878e+00 -1.00000000e+00
  5.55726624e+00  0.00000000e+00  1.00000000e+00  0.00000000e+00
 -1.68164849e-01]
Training Started.......
/home/ubuntu/anaconda3/envs/drlnd/lib/python3.6/site-packages/torch/nn/functional.py:995: UserWarning: nn.functional.tanh is deprecated. Use torch.tanh instead.
  warnings.warn("nn.functional.tanh is deprecated. Use torch.tanh instead.")
Episodes 10, AVG Score: 1.12
Episodes 20, AVG Score: 1.41
Episodes 30, AVG Score: 1.96
Episodes 40, AVG Score: 3.22
Episodes 50, AVG Score: 5.21
Episodes 60, AVG Score: 7.42
Episodes 70, AVG Score: 9.75
Episodes 80, AVG Score: 12.15
Episodes 90, AVG Score: 14.26
Episodes 100, AVG Score: 16.41
Episodes 110, AVG Score: 20.09
Episodes 120, AVG Score: 23.75
Episodes 130, AVG Score: 27.26
Episodes 139, AVG Score: 30.03

Environment solved in 139 episodes!	Average Score: 30.03
